  autofit.c
  ftbitmap.c
  ftfstype.c
  ftgasp.c
  ftstroke.c
  ftbbox.c
  ftfntfmt.c
  ftpfr.c
  ftsynth.c
  fttype1.c
  ftwinfnt.c
  ftlcdfil.c
  ftgxval.c
  ftotval.c
  ftpatent.c
  bdf.c
  cff.c
  ftbase.c
  ftcache.c
  ftglyph.c
  ftgzip.c
  ftinit.c
  ftlzw.c
  ftsystem.c
  smooth.c
  ftmm.c
  pcf.c
  pfr.c
  psaux.c
  pshinter.c
  psmodule.c
  raster.c
  sfnt.c
  truetype.c
  type1.c
  type1cid.c
  type42.c
  winfnt.c
C:\Users\evann.jacquot\Documents\GitHub\Engine-Architecture-ARTFX\Dependencies\freetype-2.6.1\src\base\ftutil.c(171,1): warning C4702: unreachable code
C:\Users\evann.jacquot\Documents\GitHub\Engine-Architecture-ARTFX\Dependencies\freetype-2.6.1\src\base\ftobjs.c(4711,1): warning C4702: unreachable code
C:\Users\evann.jacquot\Documents\GitHub\Engine-Architecture-ARTFX\Dependencies\freetype-2.6.1\src\base\ftoutln.c(962,1): warning C4701: potentially uninitialized local variable 'anchor' used
C:\Users\evann.jacquot\Documents\GitHub\Engine-Architecture-ARTFX\Dependencies\freetype-2.6.1\src\base\ftoutln.c(975,1): warning C4701: potentially uninitialized local variable 'in' used
C:\Users\evann.jacquot\Documents\GitHub\Engine-Architecture-ARTFX\Dependencies\freetype-2.6.1\src\truetype\ttgload.c(1748,1): warning C4701: potentially uninitialized local variable 'outline' used
  ftdebug.c
  freetype.vcxproj -> C:\Users\evann.jacquot\Documents\GitHub\Engine-Architecture-ARTFX\Dependencies\freetype-2.6.1\objs\vc2010\Win32\freetype261.lib
